<?xml version="1.0" encoding="UTF-8"?>
<testsuite xmlns:xsi="http://www.w3.org/2001/XMLSchema-instance" xsi:noNamespaceSchemaLocation="https://maven.apache.org/surefire/maven-surefire-plugin/xsd/surefire-test-report.xsd" name="com.example.demo.SpringBootRestApplicationTests" time="19.371" tests="4" errors="0" skipped="0" failures="0">
  <properties>
[...]
</properties>
  <testcase name="testGreetingsPersonalAccount" classname="com.example.demo.SpringBootRestApplicationTests" time="1.845"/>
  <testcase name="testGreetingsWithAccountandTypePositive" classname="com.example.demo.SpringBootRestApplicationTests" time="0.015"/>
  <testcase name="testGreetingsWithAccountandTypeSmall" classname="com.example.demo.SpringBootRestApplicationTests" time="0.022"/>
  <testcase name="testGreetingsWithIDandAccount" classname="com.example.demo.SpringBootRestApplicationTests" time="0.042"/>
</testsuite>